Jun 06, 2019 10:34:52 AM org.apache.catalina.core.ApplicationContext log
INFO: ContextListener: contextInitialized()
Jun 06, 2019 10:34:52 AM org.apache.catalina.core.ApplicationContext log
INFO: SessionListener: contextInitialized()
Jun 06, 2019 10:34:52 AM org.apache.catalina.core.ApplicationContext log
INFO: ContextListener: attributeAdded('StockTicker', 'async.Stockticker@569c0fd')
Jun 06, 2019 10:34:52 AM org.apache.catalina.core.ApplicationContext log
INFO: ContextListener: attributeAdded('org.apache.jasper.compiler.TldLocationsCache', 'org.apache.jasper.compiler.TldLocationsCache@41ebec41')
Jun 06, 2019 10:46:42 AM org.apache.catalina.core.ApplicationContext log
INFO: ContextListener: contextInitialized()
Jun 06, 2019 10:46:42 AM org.apache.catalina.core.ApplicationContext log
INFO: SessionListener: contextInitialized()
Jun 06, 2019 10:46:42 AM org.apache.catalina.core.ApplicationContext log
INFO: ContextListener: attributeAdded('StockTicker', 'async.Stockticker@4b01a07a')
Jun 06, 2019 10:46:42 AM org.apache.catalina.core.ApplicationContext log
INFO: ContextListener: attributeAdded('org.apache.jasper.compiler.TldLocationsCache', 'org.apache.jasper.compiler.TldLocationsCache@2a2d4308')
Jun 06, 2019 10:46:42 AM org.apache.catalina.core.ApplicationContext log
INFO: SessionListener: contextDestroyed()
Jun 06, 2019 10:46:42 AM org.apache.catalina.core.ApplicationContext log
INFO: ContextListener: contextDestroyed()
Jun 06, 2019 10:50:26 AM org.apache.catalina.core.ApplicationContext log
INFO: ContextListener: contextInitialized()
Jun 06, 2019 10:50:26 AM org.apache.catalina.core.ApplicationContext log
INFO: SessionListener: contextInitialized()
Jun 06, 2019 10:50:26 AM org.apache.catalina.core.ApplicationContext log
INFO: ContextListener: attributeAdded('StockTicker', 'async.Stockticker@5f2486d6')
Jun 06, 2019 10:50:26 AM org.apache.catalina.core.ApplicationContext log
INFO: ContextListener: attributeAdded('org.apache.jasper.compiler.TldLocationsCache', 'org.apache.jasper.compiler.TldLocationsCache@9c2a776')
Jun 06, 2019 11:45:41 AM org.apache.catalina.core.ApplicationContext log
INFO: SessionListener: contextDestroyed()
Jun 06, 2019 11:45:41 AM org.apache.catalina.core.ApplicationContext log
INFO: ContextListener: contextDestroyed()
